Traceback (most recent call last):
  File "/opt/hostedtoolcache/Python/3.10.15/x64/lib/python3.10/site-packages/jupyter_cache/executors/utils.py", line 58, in single_nb_execution
    executenb(
  File "/opt/hostedtoolcache/Python/3.10.15/x64/lib/python3.10/site-packages/nbclient/client.py", line 1314, in execute
    return NotebookClient(nb=nb, resources=resources, km=km, **kwargs).execute()
  File "/opt/hostedtoolcache/Python/3.10.15/x64/lib/python3.10/site-packages/jupyter_core/utils/__init__.py", line 165, in wrapped
    return loop.run_until_complete(inner)
  File "/opt/hostedtoolcache/Python/3.10.15/x64/lib/python3.10/asyncio/base_events.py", line 649, in run_until_complete
    return future.result()
  File "/opt/hostedtoolcache/Python/3.10.15/x64/lib/python3.10/site-packages/nbclient/client.py", line 709, in async_execute
    await self.async_execute_cell(
  File "/opt/hostedtoolcache/Python/3.10.15/x64/lib/python3.10/site-packages/nbclient/client.py", line 1062, in async_execute_cell
    await self._check_raise_for_error(cell, cell_index, exec_reply)
  File "/opt/hostedtoolcache/Python/3.10.15/x64/lib/python3.10/site-packages/nbclient/client.py", line 918, in _check_raise_for_error
    raise CellExecutionError.from_cell_and_msg(cell, exec_reply_content)
nbclient.exceptions.CellExecutionError: An error occurred while executing the following cell:
------------------
import warnings
from monty.serialization import loadfn
from pymatgen.analysis.defects.thermo import FormationEnergyDiagram
from pymatgen.io.vasp import Vasprun

warnings.filterwarnings("ignore")

from pathlib import Path

from pymatgen.analysis.defects.core import Substitution
from pymatgen.core import PeriodicSite, Species, Structure

TEST_FILES = Path("../../../tests/test_files")

gan_struct = Structure.from_file(TEST_FILES / "GaN.vasp")
# make a substitution site
ga_site = gan_struct[0]
mg_site = PeriodicSite(
    species=Species("Mg"), coords=ga_site.frac_coords, lattice=gan_struct.lattice
)
# instantiate the defect object
mg_ga = Substitution(structure=gan_struct, site=mg_site)

sc_dir = TEST_FILES / "Mg_Ga"
# ents = MPRester().get_entries_in_chemsys("Mg-Ga-N") # Query from MPRester
ents = loadfn(TEST_FILES / "Ga_Mg_N.json")  # Load from local
fed = FormationEnergyDiagram.with_directories(
    directory_map={
        "bulk": sc_dir / "bulk_sc",
        0: sc_dir / "q=0",
        -1: sc_dir / "q=-1",
        1: sc_dir / "q=1",
    },
    defect=mg_ga,
    pd_entries=ents,
    dielectric=10,
)
------------------


[0;31m---------------------------------------------------------------------------[0m
[0;31mImportError[0m                               Traceback (most recent call last)
Cell [0;32mIn[1], line 3[0m
[1;32m      1[0m [38;5;28;01mimport[39;00m [38;5;21;01mwarnings[39;00m
[1;32m      2[0m [38;5;28;01mfrom[39;00m [38;5;21;01mmonty[39;00m[38;5;21;01m.[39;00m[38;5;21;01mserialization[39;00m [38;5;28;01mimport[39;00m loadfn
[0;32m----> 3[0m [38;5;28;01mfrom[39;00m [38;5;21;01mpymatgen[39;00m[38;5;21;01m.[39;00m[38;5;21;01manalysis[39;00m[38;5;21;01m.[39;00m[38;5;21;01mdefects[39;00m[38;5;21;01m.[39;00m[38;5;21;01mthermo[39;00m [38;5;28;01mimport[39;00m FormationEnergyDiagram
[1;32m      4[0m [38;5;28;01mfrom[39;00m [38;5;21;01mpymatgen[39;00m[38;5;21;01m.[39;00m[38;5;21;01mio[39;00m[38;5;21;01m.[39;00m[38;5;21;01mvasp[39;00m [38;5;28;01mimport[39;00m Vasprun
[1;32m      6[0m warnings[38;5;241m.[39mfilterwarnings([38;5;124m"[39m[38;5;124mignore[39m[38;5;124m"[39m)

File [0;32m~/work/pymatgen-analysis-defects/pymatgen-analysis-defects/pymatgen/analysis/defects/thermo.py:17[0m
[1;32m     15[0m [38;5;28;01mfrom[39;00m [38;5;21;01mmonty[39;00m[38;5;21;01m.[39;00m[38;5;21;01mjson[39;00m [38;5;28;01mimport[39;00m MSONable
[1;32m     16[0m [38;5;28;01mfrom[39;00m [38;5;21;01mpymatgen[39;00m[38;5;21;01m.[39;00m[38;5;21;01manalysis[39;00m[38;5;21;01m.[39;00m[38;5;21;01mchempot_diagram[39;00m [38;5;28;01mimport[39;00m ChemicalPotentialDiagram
[0;32m---> 17[0m [38;5;28;01mfrom[39;00m [38;5;21;01mpymatgen[39;00m[38;5;21;01m.[39;00m[38;5;21;01manalysis[39;00m[38;5;21;01m.[39;00m[38;5;21;01mdefects[39;00m[38;5;21;01m.[39;00m[38;5;21;01mcore[39;00m [38;5;28;01mimport[39;00m Defect, NamedDefect
[1;32m     18[0m [38;5;28;01mfrom[39;00m [38;5;21;01mpymatgen[39;00m[38;5;21;01m.[39;00m[38;5;21;01manalysis[39;00m[38;5;21;01m.[39;00m[38;5;21;01mdefects[39;00m[38;5;21;01m.[39;00m[38;5;21;01mcorrections[39;00m[38;5;21;01m.[39;00m[38;5;21;01mfreysoldt[39;00m [38;5;28;01mimport[39;00m get_freysoldt_correction
[1;32m     19[0m [38;5;28;01mfrom[39;00m [38;5;21;01mpymatgen[39;00m[38;5;21;01m.[39;00m[38;5;21;01manalysis[39;00m[38;5;21;01m.[39;00m[38;5;21;01mdefects[39;00m[38;5;21;01m.[39;00m[38;5;21;01mfinder[39;00m [38;5;28;01mimport[39;00m DefectSiteFinder

File [0;32m~/work/pymatgen-analysis-defects/pymatgen-analysis-defects/pymatgen/analysis/defects/core.py:19[0m
[1;32m     16[0m [38;5;28;01mfrom[39;00m [38;5;21;01mpymatgen[39;00m[38;5;21;01m.[39;00m[38;5;21;01mcore[39;00m[38;5;21;01m.[39;00m[38;5;21;01mperiodic_table[39;00m [38;5;28;01mimport[39;00m DummySpecies
[1;32m     17[0m [38;5;28;01mfrom[39;00m [38;5;21;01mpymatgen[39;00m[38;5;21;01m.[39;00m[38;5;21;01msymmetry[39;00m[38;5;21;01m.[39;00m[38;5;21;01manalyzer[39;00m [38;5;28;01mimport[39;00m SpacegroupAnalyzer
[0;32m---> 19[0m [38;5;28;01mfrom[39;00m [38;5;21;01m.[39;00m[38;5;21;01mutils[39;00m [38;5;28;01mimport[39;00m get_plane_spacing
[1;32m     21[0m [38;5;28;01mif[39;00m TYPE_CHECKING:
[1;32m     22[0m     [38;5;28;01mfrom[39;00m [38;5;21;01mnumpy[39;00m[38;5;21;01m.[39;00m[38;5;21;01mtyping[39;00m [38;5;28;01mimport[39;00m ArrayLike

File [0;32m~/work/pymatgen-analysis-defects/pymatgen-analysis-defects/pymatgen/analysis/defects/utils.py:21[0m
[1;32m     19[0m [38;5;28;01mfrom[39;00m [38;5;21;01mmonty[39;00m[38;5;21;01m.[39;00m[38;5;21;01mjson[39;00m [38;5;28;01mimport[39;00m MSONable
[1;32m     20[0m [38;5;28;01mfrom[39;00m [38;5;21;01mnumpy[39;00m[38;5;21;01m.[39;00m[38;5;21;01mlinalg[39;00m [38;5;28;01mimport[39;00m norm
[0;32m---> 21[0m [38;5;28;01mfrom[39;00m [38;5;21;01mpymatgen[39;00m[38;5;21;01m.[39;00m[38;5;21;01manalysis[39;00m[38;5;21;01m.[39;00m[38;5;21;01mlocal_env[39;00m [38;5;28;01mimport[39;00m cn_opt_params
[1;32m     22[0m [38;5;28;01mfrom[39;00m [38;5;21;01mpymatgen[39;00m[38;5;21;01m.[39;00m[38;5;21;01manalysis[39;00m[38;5;21;01m.[39;00m[38;5;21;01mstructure_matcher[39;00m [38;5;28;01mimport[39;00m StructureMatcher
[1;32m     23[0m [38;5;28;01mfrom[39;00m [38;5;21;01mpymatgen[39;00m[38;5;21;01m.[39;00m[38;5;21;01mcore[39;00m [38;5;28;01mimport[39;00m Structure

[0;31mImportError[0m: cannot import name 'cn_opt_params' from 'pymatgen.analysis.local_env' (/opt/hostedtoolcache/Python/3.10.15/x64/lib/python3.10/site-packages/pymatgen/analysis/local_env.py)

